<?xml version="1.0" encoding="UTF-8"?>
<!-- Generated by org.testng.reporters.JUnitReportReporter -->
<testsuite hostname="K473LTRV" failures="0" tests="2" name="com.playwright.saucedemo.testcases.Hooks" time="9.044" errors="1" timestamp="2024-05-29T15:20:34 IST" skipped="1">
  <testcase classname="com.playwright.saucedemo.testcases.Hooks" name="testSetup" time="9.043">
    <error message="Error {
  message=&#039;Unsupported chromium channel &quot;msedgs&quot;
  name=&#039;Error
  stack=&#039;Error: Unsupported chromium channel &quot;msedgs&quot;
    at Chromium._launchProcess (C:\Users\268877\AppData\Local\Temp\playwright-java-12491343970360508097\package\lib\server\browserType.js:165:87)
    at async Chromium._innerLaunch (C:\Users\268877\AppData\Local\Temp\playwright-java-12491343970360508097\package\lib\server\browserType.js:103:9)
    at async Chromium._innerLaunchWithRetries (C:\Users\268877\AppData\Local\Temp\playwright-java-12491343970360508097\package\lib\server\browserType.js:84:14)
    at async ProgressController.run (C:\Users\268877\AppData\Local\Temp\playwright-java-12491343970360508097\package\lib\server\progress.js:82:22)
    at async Chromium.launch (C:\Users\268877\AppData\Local\Temp\playwright-java-12491343970360508097\package\lib\server\browserType.js:61:21)
    at async BrowserTypeDispatcher.launch (C:\Users\268877\AppData\Local\Temp\playwright-java-12491343970360508097\package\lib\server\dispatchers\browserTypeDispatcher.js:35:21)
    at async LongStandingScope._race (C:\Users\268877\AppData\Local\Temp\playwright-java-12491343970360508097\package\lib\utils\manualPromise.js:96:14)
    at async BrowserTypeDispatcher._handleCommand (C:\Users\268877\AppData\Local\Temp\playwright-java-12491343970360508097\package\lib\server\dispatchers\dispatcher.js:96:14)
    at async DispatcherConnection.dispatch (C:\Users\268877\AppData\Local\Temp\playwright-java-12491343970360508097\package\lib\server\dispatchers\dispatcher.js:361:22)
}" type="com.microsoft.playwright.PlaywrightException">
      <![CDATA[com.microsoft.playwright.PlaywrightException: Error {
  message='Unsupported chromium channel "msedgs"
  name='Error
  stack='Error: Unsupported chromium channel "msedgs"
    at Chromium._launchProcess (C:\Users\268877\AppData\Local\Temp\playwright-java-12491343970360508097\package\lib\server\browserType.js:165:87)
    at async Chromium._innerLaunch (C:\Users\268877\AppData\Local\Temp\playwright-java-12491343970360508097\package\lib\server\browserType.js:103:9)
    at async Chromium._innerLaunchWithRetries (C:\Users\268877\AppData\Local\Temp\playwright-java-12491343970360508097\package\lib\server\browserType.js:84:14)
    at async ProgressController.run (C:\Users\268877\AppData\Local\Temp\playwright-java-12491343970360508097\package\lib\server\progress.js:82:22)
    at async Chromium.launch (C:\Users\268877\AppData\Local\Temp\playwright-java-12491343970360508097\package\lib\server\browserType.js:61:21)
    at async BrowserTypeDispatcher.launch (C:\Users\268877\AppData\Local\Temp\playwright-java-12491343970360508097\package\lib\server\dispatchers\browserTypeDispatcher.js:35:21)
    at async LongStandingScope._race (C:\Users\268877\AppData\Local\Temp\playwright-java-12491343970360508097\package\lib\utils\manualPromise.js:96:14)
    at async BrowserTypeDispatcher._handleCommand (C:\Users\268877\AppData\Local\Temp\playwright-java-12491343970360508097\package\lib\server\dispatchers\dispatcher.js:96:14)
    at async DispatcherConnection.dispatch (C:\Users\268877\AppData\Local\Temp\playwright-java-12491343970360508097\package\lib\server\dispatchers\dispatcher.js:361:22)
}
at com.microsoft.playwright.impl.WaitableResult.get(WaitableResult.java:56)
at com.microsoft.playwright.impl.ChannelOwner.runUntil(ChannelOwner.java:120)
at com.microsoft.playwright.impl.Connection.sendMessage(Connection.java:130)
at com.microsoft.playwright.impl.ChannelOwner.sendMessage(ChannelOwner.java:106)
at com.microsoft.playwright.impl.BrowserTypeImpl.launchImpl(BrowserTypeImpl.java:50)
at com.microsoft.playwright.impl.BrowserTypeImpl.lambda$launch$0(BrowserTypeImpl.java:42)
at com.microsoft.playwright.impl.LoggingSupport.withLogging(LoggingSupport.java:47)
at com.microsoft.playwright.impl.ChannelOwner.withLogging(ChannelOwner.java:89)
at com.microsoft.playwright.impl.BrowserTypeImpl.launch(BrowserTypeImpl.java:42)
at com.microsoft.playwright.impl.BrowserTypeImpl.launch(BrowserTypeImpl.java:35)
at com.playwright.saucedemo.base.BrowserSetup.browserInit(BrowserSetup.java:33)
at com.playwright.saucedemo.testcases.Hooks.testSetup(Hooks.java:24)
at java.base/jdk.internal.reflect.NativeMethodAccessorImpl.invoke0(Native Method)
at java.base/jdk.internal.reflect.NativeMethodAccessorImpl.invoke(NativeMethodAccessorImpl.java:77)
at java.base/jdk.internal.reflect.DelegatingMethodAccessorImpl.invoke(DelegatingMethodAccessorImpl.java:43)
at java.base/java.lang.reflect.Method.invoke(Method.java:568)
at org.testng.internal.invokers.MethodInvocationHelper.invokeMethod(MethodInvocationHelper.java:139)
at org.testng.internal.invokers.MethodInvocationHelper.invokeMethodConsideringTimeout(MethodInvocationHelper.java:69)
at org.testng.internal.invokers.ConfigInvoker.invokeConfigurationMethod(ConfigInvoker.java:393)
at org.testng.internal.invokers.ConfigInvoker.invokeConfigurations(ConfigInvoker.java:326)
at org.testng.internal.invokers.TestMethodWorker.invokeBeforeClassMethods(TestMethodWorker.java:180)
at org.testng.internal.invokers.TestMethodWorker.run(TestMethodWorker.java:122)
at java.base/java.util.ArrayList.forEach(ArrayList.java:1511)
at org.testng.TestRunner.privateRun(TestRunner.java:819)
at org.testng.TestRunner.run(TestRunner.java:619)
at org.testng.SuiteRunner.runTest(SuiteRunner.java:443)
at org.testng.SuiteRunner.runSequentially(SuiteRunner.java:437)
at org.testng.SuiteRunner.privateRun(SuiteRunner.java:397)
at org.testng.SuiteRunner.run(SuiteRunner.java:336)
at org.testng.SuiteRunnerWorker.runSuite(SuiteRunnerWorker.java:52)
at org.testng.SuiteRunnerWorker.run(SuiteRunnerWorker.java:95)
at org.testng.TestNG.runSuitesSequentially(TestNG.java:1301)
at org.testng.TestNG.runSuitesLocally(TestNG.java:1228)
at org.testng.TestNG.runSuites(TestNG.java:1134)
at org.testng.TestNG.run(TestNG.java:1101)
at org.testng.remote.AbstractRemoteTestNG.run(AbstractRemoteTestNG.java:115)
at org.testng.remote.RemoteTestNG.initAndRun(RemoteTestNG.java:251)
at org.testng.remote.RemoteTestNG.main(RemoteTestNG.java:77)
Caused by: com.microsoft.playwright.impl.DriverException: Error {
  message='Unsupported chromium channel "msedgs"
  name='Error
  stack='Error: Unsupported chromium channel "msedgs"
    at Chromium._launchProcess (C:\Users\268877\AppData\Local\Temp\playwright-java-12491343970360508097\package\lib\server\browserType.js:165:87)
    at async Chromium._innerLaunch (C:\Users\268877\AppData\Local\Temp\playwright-java-12491343970360508097\package\lib\server\browserType.js:103:9)
    at async Chromium._innerLaunchWithRetries (C:\Users\268877\AppData\Local\Temp\playwright-java-12491343970360508097\package\lib\server\browserType.js:84:14)
    at async ProgressController.run (C:\Users\268877\AppData\Local\Temp\playwright-java-12491343970360508097\package\lib\server\progress.js:82:22)
    at async Chromium.launch (C:\Users\268877\AppData\Local\Temp\playwright-java-12491343970360508097\package\lib\server\browserType.js:61:21)
    at async BrowserTypeDispatcher.launch (C:\Users\268877\AppData\Local\Temp\playwright-java-12491343970360508097\package\lib\server\dispatchers\browserTypeDispatcher.js:35:21)
    at async LongStandingScope._race (C:\Users\268877\AppData\Local\Temp\playwright-java-12491343970360508097\package\lib\utils\manualPromise.js:96:14)
    at async BrowserTypeDispatcher._handleCommand (C:\Users\268877\AppData\Local\Temp\playwright-java-12491343970360508097\package\lib\server\dispatchers\dispatcher.js:96:14)
    at async DispatcherConnection.dispatch (C:\Users\268877\AppData\Local\Temp\playwright-java-12491343970360508097\package\lib\server\dispatchers\dispatcher.js:361:22)
}
at com.microsoft.playwright.impl.Connection.dispatch(Connection.java:259)
at com.microsoft.playwright.impl.Connection.processOneMessage(Connection.java:211)
at com.microsoft.playwright.impl.ChannelOwner.runUntil(ChannelOwner.java:118)
... 36 more
]]>
    </error>
  </testcase> <!-- testSetup -->
  <testcase classname="com.playwright.saucedemo.testcases.Hooks" name="startApplication" time="0.001">
    <skipped/>
  </testcase> <!-- startApplication -->
</testsuite> <!-- com.playwright.saucedemo.testcases.Hooks -->
